[    0.000000] Linux version 4.15.0-212-generic (buildd@lcy02-amd64-083) (gcc version 7.5.0 (Ubuntu 7.5.0-3ubuntu1~18.04)) #223-Ubuntu SMP Tue May 23 13:09:22 UTC 2023 (Ubuntu 4.15.0-212.223-generic 4.15.18)
[    0.000000] Command line: BOOT_IMAGE=/boot/vmlinuz-4.15.0-212-generic root=LABEL=cloudimg-rootfs ro console=tty1 console=ttyS0
[    0.000000] KERNEL supported cpus:
[    0.000000]   Intel GenuineIntel
[    0.000000]   AMD AuthenticAMD
[    0.000000]   Centaur CentaurHauls
[    0.000000] x86/fpu: Supporting XSAVE feature 0x001: 'x87 floating point registers'
[    0.000000] x86/fpu: Supporting XSAVE feature 0x002: 'SSE registers'
[    0.000000] x86/fpu: Supporting XSAVE feature 0x004: 'AVX registers'
[    0.000000] x86/fpu: xstate_offset[2]:  576, xstate_sizes[2]:  256
[    0.000000] x86/fpu: Enabled xstate features 0x7, context size is 832 bytes, using 'standard' format.
[    0.000000] e820: BIOS-provided physical RAM map:
[    0.000000] BIOS-e820: [mem 0x0000000000000000-0x000000000009fbff] usable
[    0.000000] BIOS-e820: [mem 0x000000000009fc00-0x000000000009ffff] reserved
[    0.000000] BIOS-e820: [mem 0x00000000000f0000-0x00000000000fffff] reserved
[    0.000000] BIOS-e820: [mem 0x0000000000100000-0x000000003ffeffff] usable
[    0.000000] BIOS-e820: [mem 0x000000003fff0000-0x000000003fffffff] ACPI data
[    0.000000] BIOS-e820: [mem 0x00000000fec00000-0x00000000fec00fff] reserved
[    0.000000] BIOS-e820: [mem 0x00000000fee00000-0x00000000fee00fff] reserved
[    0.000000] BIOS-e820: [mem 0x00000000fffc0000-0x00000000ffffffff] reserved
[    0.000000] NX (Execute Disable) protection: active
[    0.000000] SMBIOS 2.5 present.
[    0.000000] DMI: innotek GmbH VirtualBox/VirtualBox, BIOS VirtualBox 12/01/2006
[    0.000000] Hypervisor detected: KVM
[    0.000000] e820: last_pfn = 0x3fff0 max_arch_pfn = 0x400000000
[    0.000000] MTRR: Disabled
[    0.000000] x86/PAT: MTRRs disabled, skipping PAT initialization too.
[    0.000000] CPU MTRRs all blank - virtualized system.
[    0.000000] x86/PAT: Configuration [0-7]: WB  WT  UC- UC  WB  WT  UC- UC  
[    0.000000] found SMP MP-table at [mem 0x0009fff0-0x0009ffff]
[    0.000000] Scanning 1 areas for low memory corruption
[    0.000000] RAMDISK: [mem 0x359cb000-0x36cdcfff]
[    0.000000] ACPI: Early table checksum verification disabled
[    0.000000] ACPI: RSDP 0x00000000000E0000 000024 (v02 VBOX  )
[    0.000000] ACPI: XSDT 0x000000003FFF0030 00003C (v01 VBOX   VBOXXSDT 00000001 ASL  00000061)
[    0.000000] ACPI: FACP 0x000000003FFF00F0 0000F4 (v04 VBOX   VBOXFACP 00000001 ASL  00000061)
[    0.000000] ACPI: DSDT 0x000000003FFF0610 002353 (v02 VBOX   VBOXBIOS 00000002 INTL 20200528)
[    0.000000] ACPI: FACS 0x000000003FFF0200 000040
[    0.000000] ACPI: FACS 0x000000003FFF0200 000040
[    0.000000] ACPI: APIC 0x000000003FFF0240 00005C (v02 VBOX   VBOXAPIC 00000001 ASL  00000061)
[    0.000000] ACPI: SSDT 0x000000003FFF02A0 00036C (v01 VBOX   VBOXCPUT 00000002 INTL 20200528)
[    0.000000] ACPI: Reserving FACP table memory at [mem 0x3fff00f0-0x3fff01e3]
[    0.000000] ACPI: Reserving DSDT table memory at [mem 0x3fff0610-0x3fff2962]
[    0.000000] ACPI: Reserving FACS table memory at [mem 0x3fff0200-0x3fff023f]
[    0.000000] ACPI: Reserving FACS table memory at [mem 0x3fff0200-0x3fff023f]
[    0.000000] ACPI: Reserving APIC table memory at [mem 0x3fff0240-0x3fff029b]
[    0.000000] ACPI: Reserving SSDT table memory at [mem 0x3fff02a0-0x3fff060b]
[    0.000000] No NUMA configuration found
[    0.000000] Faking a node at [mem 0x0000000000000000-0x000000003ffeffff]
[    0.000000] NODE_DATA(0) allocated [mem 0x3ffc5000-0x3ffeffff]
[    0.000000] kvm-clock: cpu 0, msr 0:3ff44001, primary cpu clock
[    0.000000] kvm-clock: Using msrs 4b564d01 and 4b564d00
[    0.000000] kvm-clock: using sched offset of 4717928814 cycles
[    0.000000] clocksource: kvm-clock: mask: 0xffffffffffffffff max_cycles: 0x1cd42e4dffb, max_idle_ns: 881590591483 ns
[    0.000000] Zone ranges:
[    0.000000]   DMA      [mem 0x0000000000001000-0x0000000000ffffff]
[    0.000000]   DMA32    [mem 0x0000000001000000-0x000000003ffeffff]
[    0.000000]   Normal   empty
[    0.000000]   Device   empty
[    0.000000] Movable zone start for each node
[    0.000000] Early memory node ranges
[    0.000000]   node   0: [mem 0x0000000000001000-0x000000000009efff]
[    0.000000]   node   0: [mem 0x0000000000100000-0x000000003ffeffff]
[    0.000000] Reserved but unavailable: 104 pages
[    0.000000] Initmem setup node 0 [mem 0x0000000000001000-0x000000003ffeffff]
[    0.000000] ACPI: PM-Timer IO Port: 0x4008
[    0.000000] IOAPIC[0]: apic_id 2, version 32, address 0xfec00000, GSI 0-23
[    0.000000] ACPI: INT_SRC_OVR (bus 0 bus_irq 0 global_irq 2 dfl dfl)
[    0.000000] ACPI: INT_SRC_OVR (bus 0 bus_irq 9 global_irq 9 low level)
[    0.000000] Using ACPI (MADT) for SMP configuration information
[    0.000000] smpboot: Allowing 2 CPUs, 0 hotplug CPUs
[    0.000000] PM: Registered nosave memory: [mem 0x00000000-0x00000fff]
[    0.000000] PM: Registered nosave memory: [mem 0x0009f000-0x0009ffff]
[    0.000000] PM: Registered nosave memory: [mem 0x000a0000-0x000effff]
[    0.000000] PM: Registered nosave memory: [mem 0x000f0000-0x000fffff]
[    0.000000] e820: [mem 0x40000000-0xfebfffff] available for PCI devices
[    0.000000] Booting paravirtualized kernel on KVM
[    0.000000] clocksource: refined-jiffies: mask: 0xffffffff max_cycles: 0xffffffff, max_idle_ns: 7645519600211568 ns
[    0.000000] setup_percpu: NR_CPUS:8192 nr_cpumask_bits:2 nr_cpu_ids:2 nr_node_ids:1
[    0.000000] percpu: Embedded 50 pages/cpu s167936 r8192 d28672 u1048576
[    0.000000] PV qspinlock hash table entries: 256 (order: 0, 4096 bytes)
[    0.000000] Built 1 zonelists, mobility grouping on.  Total pages: 257913
[    0.000000] Policy zone: DMA32
[    0.000000] Kernel command line: BOOT_IMAGE=/boot/vmlinuz-4.15.0-212-generic root=LABEL=cloudimg-rootfs ro console=tty1 console=ttyS0
[    0.000000] Memory: 982644K/1048120K available (12300K kernel code, 2477K rwdata, 4324K rodata, 2480K init, 2720K bss, 65476K reserved, 0K cma-reserved)
[    0.000000] SLUB: HWalign=64, Order=0-3, MinObjects=0, CPUs=2, Nodes=1
[    0.000000] Kernel/User page tables isolation: enabled
[    0.000000] ftrace: allocating 39508 entries in 155 pages
[    0.004000] Hierarchical RCU implementation.
[    0.004000] 	RCU restricting CPUs from NR_CPUS=8192 to nr_cpu_ids=2.
[    0.004000] 	Tasks RCU enabled.
[    0.004000] RCU: Adjusting geometry for rcu_fanout_leaf=16, nr_cpu_ids=2
[    0.004000] NR_IRQS: 524544, nr_irqs: 440, preallocated irqs: 16
[    0.004000] random: crng init done
[    0.004000] Console: colour VGA+ 80x25
[    0.004000] console [tty1] enabled
[    0.004000] console [ttyS0] enabled
[    0.004000] ACPI: Core revision 20170831
[    0.004000] ACPI: 2 ACPI AML tables successfully acquired and loaded
[    0.004000] APIC: Switch to symmetric I/O mode setup
[    0.007019] x2apic enabled
[    0.008024] Switched APIC routing to physical x2apic.
[    0.016000] ..TIMER: vector=0x30 apic1=0 pin1=2 apic2=-1 pin2=-1
[    0.016006] tsc: Detected 2304.376 MHz processor
[    0.020022] Calibrating delay loop (skipped) preset value.. 4608.75 BogoMIPS (lpj=9217504)
[    0.024011] pid_max: default: 32768 minimum: 301
[    0.028087] Security Framework initialized
[    0.032011] Yama: becoming mindful.
[    0.036120] AppArmor: AppArmor initialized
[    0.045333] Dentry cache hash table entries: 131072 (order: 8, 1048576 bytes)
[    0.052126] Inode-cache hash table entries: 65536 (order: 7, 524288 bytes)
[    0.056102] Mount-cache hash table entries: 2048 (order: 2, 16384 bytes)
[    0.060059] Mountpoint-cache hash table entries: 2048 (order: 2, 16384 bytes)
[    0.069223] Last level iTLB entries: 4KB 1024, 2MB 1024, 4MB 1024
[    0.076008] Last level dTLB entries: 4KB 1024, 2MB 1024, 4MB 1024, 1GB 4
[    0.080008] Spectre V1 : Mitigation: usercopy/swapgs barriers and __user pointer sanitization
[    0.084005] Spectre V2 : Mitigation: Retpolines
[    0.088006] Spectre V2 : Spectre v2 / SpectreRSB mitigation: Filling RSB on context switch
[    0.092003] Spectre V2 : Spectre v2 / SpectreRSB : Filling RSB on VMEXIT
[    0.096007] Speculative Store Bypass: Vulnerable
[    0.100087] MDS: Mitigation: Clear CPU buffers
[    0.104009] MMIO Stale Data: Unknown: No mitigations
[    0.108010] SRBDS: Unknown: Dependent on hypervisor status
[    0.112221] Freeing SMP alternatives memory: 36K
[    0.236009] APIC calibration not consistent with PM-Timer: 101ms instead of 100ms
[    0.240000] APIC delta adjusted to PM-Timer: 6315255 (6389954)
[    0.240281] smpboot: CPU0: Intel(R) Core(TM) i7-4650U CPU @ 1.70GHz (family: 0x6, model: 0x45, stepping: 0x1)
[    0.244335] Performance Events: unsupported p6 CPU model 69 no PMU driver, software events only.
[    0.248111] Hierarchical SRCU implementation.
[    0.252789] NMI watchdog: Perf event create on CPU 0 failed with -2
[    0.256003] NMI watchdog: Perf NMI watchdog permanently disabled
[    0.260241] smp: Bringing up secondary CPUs ...
[    0.264491] x86: Booting SMP configuration:
[    0.268010] .... node  #0, CPUs:      #1
[    0.004000] kvm-clock: cpu 1, msr 0:3ff44041, secondary cpu clock
[    0.276125] smp: Brought up 1 node, 2 CPUs
[    0.280070] smpboot: Max logical packages: 1
[    0.284012] smpboot: Total of 2 processors activated (9217.50 BogoMIPS)
[    0.292632] devtmpfs: initialized
[    0.296227] x86/mm: Memory block size: 128MB
[    0.300426] evm: security.selinux
[    0.304005] evm: security.SMACK64
[    0.308007] evm: security.SMACK64EXEC
[    0.312008] evm: security.SMACK64TRANSMUTE
[    0.316005] evm: security.SMACK64MMAP
[    0.320012] evm: security.apparmor
[    0.324008] evm: security.ima
[    0.328009] evm: security.capability
[    0.332266] clocksource: jiffies: mask: 0xffffffff max_cycles: 0xffffffff, max_idle_ns: 7645041785100000 ns
[    0.336065] futex hash table entries: 512 (order: 3, 32768 bytes)
[    0.340196] pinctrl core: initialized pinctrl subsystem
[    0.348664] RTC time: 21:45:56, date: 03/31/24
[    0.356510] NET: Registered protocol family 16
[    0.359941] audit: initializing netlink subsys (disabled)
[    0.360155] audit: type=2000 audit(1711921562.062:1): state=initialized audit_enabled=0 res=1
[    0.364060] cpuidle: using governor ladder
[    0.368000] cpuidle: using governor menu
[    0.368095] ACPI: bus type PCI registered
[    0.372009] acpiphp: ACPI Hot Plug PCI Controller Driver version: 0.5
[    0.380853] PCI: Using configuration type 1 for base access
[    0.388376] HugeTLB registered 2.00 MiB page size, pre-allocated 0 pages
[    0.396535] ACPI: Added _OSI(Module Device)
[    0.400030] ACPI: Added _OSI(Processor Device)
[    0.404007] ACPI: Added _OSI(3.0 _SCP Extensions)
[    0.408004] ACPI: Added _OSI(Processor Aggregator Device)
[    0.412010] ACPI: Added _OSI(Linux-Dell-Video)
[    0.416015] ACPI: Added _OSI(Linux-Lenovo-NV-HDMI-Audio)
[    0.420008] ACPI: Added _OSI(Linux-HPI-Hybrid-Graphics)
[    0.424949] ACPI: Executed 1 blocks of module-level executable AML code
[    0.435709] ACPI: Interpreter enabled
[    0.436017] ACPI: (supports S0 S5)
[    0.440005] ACPI: Using IOAPIC for interrupt routing
[    0.444670] PCI: Using host bridge windows from ACPI; if necessary, use "pci=nocrs" and report a bug
[    0.448428] ACPI: Enabled 2 GPEs in block 00 to 07
[    0.473384] ACPI: PCI Root Bridge [PCI0] (domain 0000 [bus 00-ff])
[    0.476011] acpi PNP0A03:00: _OSC: OS supports [ASPM ClockPM Segments MSI]
[    0.484760] acpi PNP0A03:00: _OSC: not requesting OS control; OS requires [ExtendedConfig ASPM ClockPM MSI]
[    0.488029] acpi PNP0A03:00: fail to add MMCONFIG information, can't access extended PCI configuration space under this bridge.
[    0.493807] PCI host bridge to bus 0000:00
[    0.496007] pci_bus 0000:00: root bus resource [io  0x0000-0x0cf7 window]
[    0.500014] pci_bus 0000:00: root bus resource [io  0x0d00-0xffff window]
[    0.504012] pci_bus 0000:00: root bus resource [mem 0x000a0000-0x000bffff window]
[    0.508044] pci_bus 0000:00: root bus resource [mem 0x40000000-0xfdffffff window]
[    0.512005] pci_bus 0000:00: root bus resource [bus 00-ff]
[    0.526271] pci 0000:00:01.1: legacy IDE quirk: reg 0x10: [io  0x01f0-0x01f7]
[    0.528008] pci 0000:00:01.1: legacy IDE quirk: reg 0x14: [io  0x03f6]
[    0.532010] pci 0000:00:01.1: legacy IDE quirk: reg 0x18: [io  0x0170-0x0177]
[    0.536009] pci 0000:00:01.1: legacy IDE quirk: reg 0x1c: [io  0x0376]
[    0.614023] pci 0000:00:07.0: quirk: [io  0x4000-0x403f] claimed by PIIX4 ACPI
[    0.616051] pci 0000:00:07.0: quirk: [io  0x4100-0x410f] claimed by PIIX4 SMB
[    0.640438] ACPI: PCI Interrupt Link [LNKA] (IRQs 5 9 10 *11)
[    0.648250] ACPI: PCI Interrupt Link [LNKB] (IRQs 5 9 *10 11)
[    0.653053] ACPI: PCI Interrupt Link [LNKC] (IRQs 5 *9 10 11)
[    0.656428] ACPI: PCI Interrupt Link [LNKD] (IRQs 5 9 10 *11)
[    0.661880] SCSI subsystem initialized
[    0.668294] pci 0000:00:02.0: vgaarb: setting as boot VGA device
[    0.672000] pci 0000:00:02.0: vgaarb: VGA device added: decodes=io+mem,owns=io+mem,locks=none
[    0.672018] pci 0000:00:02.0: vgaarb: bridge control possible
[    0.676010] vgaarb: loaded
[    0.680112] ACPI: bus type USB registered
[    0.684052] usbcore: registered new interface driver usbfs
[    0.688068] usbcore: registered new interface driver hub
[    0.692046] usbcore: registered new device driver usb
[    0.700019] EDAC MC: Ver: 3.0.0
[    0.708239] PCI: Using ACPI for IRQ routing
[    0.716768] NetLabel: Initializing
[    0.720006] NetLabel:  domain hash size = 128
[    0.724008] NetLabel:  protocols = UNLABELED CIPSOv4 CALIPSO
[    0.728048] NetLabel:  unlabeled traffic allowed by default
[    0.736280] clocksource: Switched to clocksource kvm-clock
[    0.786257] VFS: Disk quotas dquot_6.6.0
[    0.790067] VFS: Dquot-cache hash table entries: 512 (order 0, 4096 bytes)
[    0.796801] AppArmor: AppArmor Filesystem Enabled
[    0.803039] pnp: PnP ACPI init
[    0.809672] pnp: PnP ACPI: found 3 devices
[    0.837508] clocksource: acpi_pm: mask: 0xffffff max_cycles: 0xffffff, max_idle_ns: 2085701024 ns
[    0.845602] NET: Registered protocol family 2
[    0.849102] IP idents hash table entries: 16384 (order: 5, 131072 bytes)
[    0.856698] TCP established hash table entries: 8192 (order: 4, 65536 bytes)
[    0.862015] TCP bind hash table entries: 8192 (order: 5, 131072 bytes)
[    0.870225] TCP: Hash tables configured (established 8192 bind 8192)
[    0.881026] UDP hash table entries: 512 (order: 2, 16384 bytes)
[    0.889981] UDP-Lite hash table entries: 512 (order: 2, 16384 bytes)
[    0.899360] NET: Registered protocol family 1
[    0.904060] pci 0000:00:00.0: Limiting direct PCI/PCI transfers
[    0.912062] pci 0000:00:01.0: Activating ISA DMA hang workarounds
[    0.921352] pci 0000:00:02.0: Video device with shadowed ROM at [mem 0x000c0000-0x000dffff]
[    0.932681] Unpacking initramfs...
[    1.850667] Freeing initrd memory: 19528K
[    1.855972] clocksource: tsc: mask: 0xffffffffffffffff max_cycles: 0x21375b056e3, max_idle_ns: 440795312440 ns
[    1.914520] platform rtc_cmos: registered platform RTC device (no PNP device found)
[    1.927372] Scanning for low memory corruption every 60 seconds
[    1.947536] Initialise system trusted keyrings
[    1.960346] Key type blacklist registered
[    1.972467] workingset: timestamp_bits=36 max_order=18 bucket_order=0
[    2.006094] zbud: loaded
[    2.014663] squashfs: version 4.0 (2009/01/31) Phillip Lougher
[    2.051456] fuse init (API version 7.26)
[    2.093707] Key type asymmetric registered
[    2.099911] Asymmetric key parser 'x509' registered
[    2.113105] Block layer SCSI generic (bsg) driver version 0.4 loaded (major 246)
[    2.123144] io scheduler noop registered
[    2.128647] io scheduler deadline registered
[    2.137136] io scheduler cfq registered (default)
[    2.149297] ACPI: AC Adapter [AC] (on-line)
[    2.160129] input: Power Button as /devices/LNXSYSTM:00/LNXPWRBN:00/input/input0
[    2.170452] ACPI: Power Button [PWRF]
[    2.179717] input: Sleep Button as /devices/LNXSYSTM:00/LNXSLPBN:00/input/input1
[    2.196111] ACPI: Sleep Button [SLPF]
[    2.206857] Serial: 8250/16550 driver, 32 ports, IRQ sharing enabled
[    2.212467] ACPI: Battery Slot [BAT0] (battery present)
[    2.257209] 00:02: ttyS0 at I/O 0x3f8 (irq = 4, base_baud = 115200) is a 16550A
[    2.274935] Linux agpgart interface v0.103
[    2.286480] loop: module loaded
[    2.295057] scsi host0: ata_piix
[    2.300545] scsi host1: ata_piix
[    2.304528] ata1: PATA max UDMA/33 cmd 0x1f0 ctl 0x3f6 bmdma 0xd000 irq 14
[    2.319119] ata2: PATA max UDMA/33 cmd 0x170 ctl 0x376 bmdma 0xd008 irq 15
[    2.340836] tun: Universal TUN/TAP device driver, 1.6
[    2.354456] PPP generic driver version 2.4.2
[    2.362771] ehci_hcd: USB 2.0 'Enhanced' Host Controller (EHCI) Driver
[    2.369322] ehci-pci: EHCI PCI platform driver
[    2.373870] ehci-platform: EHCI generic platform driver
[    2.377760] ohci_hcd: USB 1.1 'Open' Host Controller (OHCI) Driver
[    2.387686] ohci-pci: OHCI PCI platform driver
[    2.398007] ohci-platform: OHCI generic platform driver
[    2.405348] uhci_hcd: USB Universal Host Controller Interface driver
[    2.414701] i8042: PNP: PS/2 Controller [PNP0303:PS2K,PNP0f03:PS2M] at 0x60,0x64 irq 1,12
[    2.426604] serio: i8042 KBD port at 0x60,0x64 irq 1
[    2.432624] serio: i8042 AUX port at 0x60,0x64 irq 12
[    2.436511] mousedev: PS/2 mouse device common for all mice
[    2.451021] input: AT Translated Set 2 keyboard as /devices/platform/i8042/serio0/input/input2
[    2.464036] rtc_cmos rtc_cmos: rtc core: registered rtc_cmos as rtc0
[    2.471129] rtc_cmos rtc_cmos: alarms up to one day, 114 bytes nvram
[    2.476526] i2c /dev entries driver
[    2.481183] device-mapper: uevent: version 1.0.3
[    2.486802] device-mapper: ioctl: 4.37.0-ioctl (2017-09-20) initialised: dm-devel@redhat.com
[    2.499766] ledtrig-cpu: registered to indicate activity on CPUs
[    2.604082] NET: Registered protocol family 10
[    2.623516] Segment Routing with IPv6
[    2.636611] NET: Registered protocol family 17
[    2.644763] Key type dns_resolver registered
[    2.653634] mce: Using 0 MCE banks
[    2.657464] RAS: Correctable Errors collector initialized.
[    2.672190] sched_clock: Marking stable (2672114178, 0)->(3734534141, -1062419963)
[    2.685800] registered taskstats version 1
[    2.690262] Loading compiled-in X.509 certificates
[    2.702215] Loaded X.509 cert 'Build time autogenerated kernel key: b5b26778eaa3ab3a4a6cee031137706e947d12ad'
[    2.712407] Loaded X.509 cert 'Canonical Ltd. Live Patch Signing: 14df34d1a87cf37625abec039ef2bf521249b969'
[    2.733404] Loaded X.509 cert 'Canonical Ltd. Kernel Module Signing: 88f752e560a1e0737e31163a466ad7b70a850c19'
[    2.742788] blacklist: Loading compiled-in revocation X.509 certificates
[    2.757090] Loaded X.509 cert 'Canonical Ltd. Secure Boot Signing: 61482aa2830d0ab2ad5af10b7250da9033ddcef0'
[    2.773032] Loaded X.509 cert 'Canonical Ltd. Secure Boot Signing (2017): 242ade75ac4a15e50d50c84b0d45ff3eae707a03'
[    2.786205] Loaded X.509 cert 'Canonical Ltd. Secure Boot Signing (ESM 2018): 365188c1d374d6b07c3c8f240f8ef722433d6a8b'
[    2.797275] Loaded X.509 cert 'Canonical Ltd. Secure Boot Signing (2019): c0746fd6c5da3ae827864651ad66ae47fe24b3e8'
[    2.808372] Loaded X.509 cert 'Canonical Ltd. Secure Boot Signing (2021 v1): a8d54bbb3825cfb94fa13c9f8a594a195c107b8d'
[    2.823393] Loaded X.509 cert 'Canonical Ltd. Secure Boot Signing (2021 v2): 4cf046892d6fd3c9a5b03f98d845f90851dc6a8c'
[    2.835172] Loaded X.509 cert 'Canonical Ltd. Secure Boot Signing (2021 v3): 100437bb6de6e469b581e61cd66bce3ef4ed53af'
[    2.849485] Loaded X.509 cert 'Canonical Ltd. Secure Boot Signing (Ubuntu Core 2019): c1d57b8f6b743f23ee41f4f7ee292f06eecadfb9'
[    2.864543] zswap: loaded using pool lzo/zbud
[    2.886930] Key type big_key registered
[    2.896134] Key type trusted registered
[    2.919619] Key type encrypted registered
[    2.934903] AppArmor: AppArmor sha1 policy hashing enabled
[    2.956585] ima: No TPM chip found, activating TPM-bypass! (rc=-19)
[    3.004950] ima: Allocated hash algorithm: sha1
[    3.022755] evm: HMAC attrs: 0x1
[    3.041862]   Magic number: 0:776:804
[    3.053892] rtc_cmos rtc_cmos: setting system clock to 2024-03-31 21:45:59 UTC (1711921559)
[    3.078571] BIOS EDD facility v0.16 2004-Jun-25, 0 devices found
[    3.087225] EDD information not available.
[    3.101755] Freeing unused kernel image memory: 2480K
[    3.128594] Write protecting the kernel read-only data: 20480k
[    3.138487] Freeing unused kernel image memory: 2008K
[    3.145979] Freeing unused kernel image memory: 1820K
[    3.161102] x86/mm: Checked W+X mappings: passed, no W+X pages found.
[    3.171716] x86/mm: Checking user space page tables
[    3.192239] x86/mm: Checked W+X mappings: passed, no W+X pages found.
Loading, please wait...
starting version 237
[    3.457898] e1000: Intel(R) PRO/1000 Network Driver - version 7.3.21-k8-NAPI
[    3.465452] e1000: Copyright (c) 1999-2006 Intel Corporation.
[    3.511075] Fusion MPT base driver 3.04.20
[    3.519307] Copyright (c) 1999-2008 LSI Corporation
[    3.571630] Fusion MPT SPI Host driver 3.04.20
[    3.644089] AVX2 version of gcm_enc/dec engaged.
[    3.666515] AES CTR mode by8 optimization enabled
[    3.755356] input: ImExPS/2 Generic Explorer Mouse as /devices/platform/i8042/serio1/input/input4
[    4.449627] e1000 0000:00:03.0 eth0: (PCI:33MHz:32-bit) 02:3b:7b:b7:3b:2d
[    4.483519] e1000 0000:00:03.0 eth0: Intel(R) PRO/1000 Network Connection
[    4.501072] mptbase: ioc0: Initiating bringup
[    4.501727] e1000 0000:00:03.0 enp0s3: renamed from eth0
[    4.634204] ioc0: LSI53C1030 A0: Capabilities={Initiator}
[    4.895542] scsi host2: ioc0: LSI53C1030 A0, FwRev=00000000h, Ports=1, MaxQ=256, IRQ=20
[    5.070158] scsi 2:0:0:0: Direct-Access     VBOX     HARDDISK         1.0  PQ: 0 ANSI: 5
[    5.110219] scsi target2:0:0: Beginning Domain Validation
[    5.121011] scsi target2:0:0: Domain Validation skipping write tests
[    5.128007] scsi target2:0:0: Ending Domain Validation
[    5.133837] scsi target2:0:0: asynchronous
[    5.138477] scsi 2:0:1:0: Direct-Access     VBOX     HARDDISK         1.0  PQ: 0 ANSI: 5
[    5.180238] scsi target2:0:1: Beginning Domain Validation
[    5.190471] scsi target2:0:1: Domain Validation skipping write tests
[    5.195346] scsi target2:0:1: Ending Domain Validation
[    5.199050] scsi target2:0:1: asynchronous
[    5.210289] sd 2:0:0:0: Attached scsi generic sg0 type 0
[    5.215602] sd 2:0:0:0: [sda] 83886080 512-byte logical blocks: (42.9 GB/40.0 GiB)
[    5.215794] sd 2:0:1:0: Attached scsi generic sg1 type 0
[    5.226742] sd 2:0:0:0: [sda] Write Protect is off
[    5.231852] sd 2:0:1:0: [sdb] 20480 512-byte logical blocks: (10.5 MB/10.0 MiB)
[    5.237529] sd 2:0:0:0: [sda] Incomplete mode parameter data
[    5.241622] sd 2:0:0:0: [sda] Assuming drive cache: write through
[    5.244034] sd 2:0:1:0: [sdb] Write Protect is off
[    5.251879] sd 2:0:1:0: [sdb] Incomplete mode parameter data
[    5.256756] sd 2:0:1:0: [sdb] Assuming drive cache: write through
[    5.272596]  sda: sda1
[    5.277869] sd 2:0:1:0: [sdb] Attached SCSI disk
[    5.284426] sd 2:0:0:0: [sda] Attached SCSI disk
Begin: Loading essential drivers ... [    7.948108] raid6: sse2x1   gen()  5513 MB/s
[    8.000513] raid6: sse2x1   xor()  4592 MB/s
[    8.052592] raid6: sse2x2   gen()  9594 MB/s
[    8.104132] raid6: sse2x2   xor()  5700 MB/s
[    8.157859] raid6: sse2x4   gen()  9778 MB/s
[    8.208403] raid6: sse2x4   xor()  6292 MB/s
[    8.260134] raid6: avx2x1   gen() 11410 MB/s
[    8.320398] raid6: avx2x1   xor()  7723 MB/s
[    8.372174] raid6: avx2x2   gen()  9317 MB/s
[    8.424540] raid6: avx2x2   xor()  2959 MB/s
[    8.480818] raid6: avx2x4   gen()  5500 MB/s
[    8.540423] raid6: avx2x4   xor()  1972 MB/s
[    8.559688] raid6: using algorithm avx2x1 gen() 11410 MB/s
[    8.595326] raid6: .... xor() 7723 MB/s, rmw enabled
[    8.619136] raid6: using avx2x2 recovery algorithm
[    8.629048] xor: automatically using best checksumming function   avx       
[    8.647025] async_tx: api initialized (async)
done.
Begin: Running /scripts/init-premount ... done.
Begin: Mounting root file system ... Begin: Running /scripts/local-top ... done.
Begin: Running /scripts/local-premount ... [    8.766319] Btrfs loaded, crc32c=crc32c-intel
Scanning for Btrfs filesystems
done.
Warning: fsck not present, so skipping root file system
[    8.837112] EXT4-fs (sda1): mounted filesystem with ordered data mode. Opts: (null)
done.
Begin: Running /scripts/local-bottom ... done.
Begin: Running /scripts/init-bottom ... done.
[    9.233918] ip_tables: (C) 2000-2006 Netfilter Core Team
[    9.268539] systemd[1]: systemd 237 running in system mode. (+PAM +AUDIT +SELINUX +IMA +APPARMOR +SMACK +SYSVINIT +UTMP +LIBCRYPTSETUP +GCRYPT +GNUTLS +ACL +XZ +LZ4 +SECCOMP +BLKID +ELFUTILS +KMOD -IDN2 +IDN -PCRE2 default-hierarchy=hybrid)
[    9.301629] systemd[1]: Detected virtualization oracle.
[    9.315380] systemd[1]: Detected architecture x86-64.

Welcome to [1mUbuntu 18.04.6 LTS[0m!

[    9.344883] systemd[1]: Set hostname to <ubuntu-bionic>.
[    9.968443] systemd[1]: Reached target Swap.
[[0;32m  OK  [0m] Reached target Swap.
[    9.976451] systemd[1]: Reached target User and Group Name Lookups.
[[0;32m  OK  [0m] Reached target User and Group Name Lookups.
[    9.986073] systemd[1]: Set up automount Arbitrary Executable File Formats File System Automount Point.
[[0;32m  OK  [0m] Set up automount Arbitrary Executab…rmats File System Automount Point.
[    9.998490] systemd[1]: Reached target Mounting snaps.
[[0;32m  OK  [0m] Reached target Mounting snaps.
[   10.006058] systemd[1]: Started Forward Password Requests to Wall Directory Watch.
[[0;32m  OK  [0m] Started Forward Password Requests to Wall Directory Watch.
[   10.016616] systemd[1]: Reached target System Time Synchronized.
[[0;32m  OK  [0m] Reached target System Time Synchronized.
[[0;32m  OK  [0m] Reached target Mounted snaps.
[[0;32m  OK  [0m] Created slice User and Session Slice.
[[0;32m  OK  [0m] Created slice System Slice.
[[0;32m  OK  [0m] Listening on udev Kernel Socket.
[[0;32m  OK  [0m] Listening on Journal Audit Socket.
[[0;32m  OK  [0m] Listening on LVM2 metadata daemon socket.
[[0;32m  OK  [0m] Listening on Journal Socket.
         Starting Set the console keyboard layout...
         Starting Load Kernel Modules...
         Starting Uncomplicated firewall...
[[0;32m  OK  [0m] Listening on /dev/initctl Compatibility Named Pipe.
[[0;32m  OK  [0m] Reached target Slices.
         Mounting POSIX Message Queue File System...
[[0;32m  OK  [0m] Listening on Device-mapper event daemon FIFOs.
         Starting Monitoring of LVM2 mirrors…ng dmeventd or progress polling...
         Mounting Huge Pages File System...
[[0;32m  OK  [0m] Listening on udev Control Socket.
[[0;32m  OK  [0m] Listening on Syslog Socket.
         Starting Create list of required st…ce nodes for the current kernel...
[[0;32m  OK  [0m] Listening on Journal Socket (/dev/log).
         Starting Journal Service...
         Starting udev Coldplug all Devices...
[[0;32m  OK  [0m] Listening on LVM2 poll daemon socket.
[[0;32m  OK  [0m] Listening on Network Service Netlink Socket.
         Mounting Kernel Debug File System...
[[0;32m  OK  [0m] Listening on fsck to fsckd communication Socket.
         Starting File System Check on Root Device...
[   10.144188] Loading iSCSI transport class v2.0-870.
[   10.157835] iscsi: registered transport (tcp)
[[0;32m  OK  [0m] Created slice system-serial\x2dgetty.slice.
[[0;32m  OK  [0m] Started Uncomplicated firewall.
[[0;32m  OK  [0m] Mounted POSIX Message Queue File System.
[[0;32m  OK  [0m] Mounted Huge Pages File System.
[[0;32m  OK  [0m] Started Create list of required sta…vice nodes for the current kernel.
[[0;32m  OK  [0m] Mounted Kernel Debug File System.
[[0;32m  OK  [0m] Started File System Check Daemon to report status.
         Starting Create Static Device Nodes in /dev...
[   10.281722] iscsi: registered transport (iser)
[[0;32m  OK  [0m] Started Load Kernel Modules.
         Mounting Kernel Configuration File System...
         Starting Apply Kernel Variables...
         Mounting FUSE Control File System...
[[0;32m  OK  [0m] Mounted Kernel Configuration File System.
[[0;32m  OK  [0m] Started Journal Service.
[[0;32m  OK  [0m] Started udev Coldplug all Devices.
[[0;32m  OK  [0m] Started Create Static Device Nodes in /dev.
[[0;32m  OK  [0m] Mounted FUSE Control File System.
[[0;32m  OK  [0m] Started File System Check on Root Device.
         Starting Remount Root and Kernel File Systems...
[[0;32m  OK  [0m] Started LVM2 metadata daemon.
[[0;32m  OK  [0m] Started Apply Kernel Variables.
[[0;32m  OK  [0m] Started Remount Root and Kernel File Systems.
         Starting udev Kernel Device Manager...
         Starting Flush Journal to Persistent Storage...
         Starting Load/Save Random Seed...
[[0;32m  OK  [0m] Started Monitoring of LVM2 mirrors,…sing dmeventd or progress polling.
[[0;32m  OK  [0m] Started udev Kernel Device Manager.
[[0;32m  OK  [0m] Started Set the console keyboard layout.
[[0;32m  OK  [0m] Started Dispatch Password Requests to Console Directory Watch.
[[0;32m  OK  [0m] Reached target Local Encrypted Volumes.
[[0;32m  OK  [0m] Reached target Local File Systems (Pre).
[[0;32m  OK  [0m] Reached target Local File Systems.
         Starting ebtables ruleset management...
         Starting AppArmor initialization...
         Starting Set console font and keymap...
         Starting Tell Plymouth To Write Out Runtime Data...
[[0;32m  OK  [0m] Started Load/Save Random Seed.
[[0;32m  OK  [0m] Started Set console font and keymap.
[[0;32m  OK  [0m] Started Tell Plymouth To Write Out Runtime Data.
[[0;32m  OK  [0m] Started Flush Journal to Persistent Storage.
         Starting Create Volatile Files and Directories...
[[0;32m  OK  [0m] Started Create Volatile Files and Directories.
         Starting Update UTMP about System Boot/Shutdown...
[[0;32m  OK  [0m] Started Update UTMP about System Boot/Shutdown.
[[0;32m  OK  [0m] Started ebtables ruleset management.
[[0;32m  OK  [0m] Found device /dev/ttyS0.
[[0;32m  OK  [0m] Started AppArmor initialization.
         Starting Initial cloud-init job (pre-networking)...
         Starting Load AppArmor profiles managed internally by snapd...
         Mounting Arbitrary Executable File Formats File System...
[[0;32m  OK  [0m] Listening on Load/Save RF Kill Switch Status /dev/rfkill Watch.
[[0;32m  OK  [0m] Mounted Arbitrary Executable File Formats File System.
[[0;32m  OK  [0m] Started Load AppArmor profiles managed internally by snapd.
[   14.463873] cloud-init[561]: Cloud-init v. 23.1.2-0ubuntu0~18.04.1 running 'init-local' at Sun, 31 Mar 2024 21:46:10 +0000. Up 14.11 seconds.
[[0;32m  OK  [0m] Started Initial cloud-init job (pre-networking).
[[0;32m  OK  [0m] Reached target Network (Pre).
         Starting Network Service...
[[0;32m  OK  [0m] Started Network Service.
         Starting Network Name Resolution...
         Starting Wait for Network to be Configured...
[[0;32m  OK  [0m] Started Network Name Resolution.
[[0;32m  OK  [0m] Reached target Host and Network Name Lookups.
[[0;32m  OK  [0m] Reached target Network.
[[0;32m  OK  [0m] Started Wait for Network to be Configured.
         Starting Initial cloud-init job (metadata service crawler)...
[   17.129726] cloud-init[688]: Cloud-init v. 23.1.2-0ubuntu0~18.04.1 running 'init' at Sun, 31 Mar 2024 21:46:13 +0000. Up 16.89 seconds.
[   17.140409] cloud-init[688]: ci-info: ++++++++++++++++++++++++++++++++++++++Net device info++++++++++++++++++++++++++++++++++++++
[   17.145014] cloud-init[688]: ci-info: +--------+------+----------------------------+---------------+--------+-------------------+
[   17.150842] cloud-init[688]: ci-info: | Device |  Up  |          Address           |      Mask     | Scope  |     Hw-Address    |
[   17.154982] cloud-init[688]: ci-info: +--------+------+----------------------------+---------------+--------+-------------------+
[   17.159105] cloud-init[688]: ci-info: | enp0s3 | True |         10.0.2.15          | 255.255.255.0 | global | 02:3b:7b:b7:3b:2d |
[   17.163206] cloud-init[688]: ci-info: | enp0s3 | True | fe80::3b:7bff:feb7:3b2d/64 |       .       |  link  | 02:3b:7b:b7:3b:2d |
[   17.167135] cloud-init[688]: ci-info: |   lo   | True |         127.0.0.1          |   255.0.0.0   |  host  |         .         |
[   17.171034] cloud-init[688]: ci-info: |   lo   | True |          ::1/128           |       .       |  host  |         .         |
[   17.175397] cloud-init[688]: ci-info: +--------+------+----------------------------+---------------+--------+-------------------+
[   17.179385] cloud-init[688]: ci-info: ++++++++++++++++++++++++++++Route IPv4 info+++++++++++++++++++++++++++++
[   17.183112] cloud-init[688]: ci-info: +-------+-------------+----------+-----------------+-----------+-------+
[   17.186700] cloud-init[688]: ci-info: | Route | Destination | Gateway  |     Genmask     | Interface | Flags |
[   17.190311] cloud-init[688]: ci-info: +-------+-------------+----------+-----------------+-----------+-------+
[   17.194435] cloud-init[688]: ci-info: |   0   |   0.0.0.0   | 10.0.2.2 |     0.0.0.0     |   enp0s3  |   UG  |
[   17.198096] cloud-init[688]: ci-info: |   1   |   10.0.2.0  | 0.0.0.0  |  255.255.255.0  |   enp0s3  |   U   |
[   17.202051] cloud-init[688]: ci-info: |   2   |   10.0.2.2  | 0.0.0.0  | 255.255.255.255 |   enp0s3  |   UH  |
[   17.205740] cloud-init[688]: ci-info: +-------+-------------+----------+-----------------+-----------+-------+
[   17.209531] cloud-init[688]: ci-info: +++++++++++++++++++Route IPv6 info+++++++++++++++++++
[   17.212699] cloud-init[688]: ci-info: +-------+-------------+---------+-----------+-------+
[   17.215666] cloud-init[688]: ci-info: | Route | Destination | Gateway | Interface | Flags |
[   17.218458] cloud-init[688]: ci-info: +-------+-------------+---------+-----------+-------+
[   17.221373] cloud-init[688]: ci-info: |   1   |  fe80::/64  |    ::   |   enp0s3  |   U   |
[   17.224547] cloud-init[688]: ci-info: |   3   |    local    |    ::   |   enp0s3  |   U   |
[   17.227715] cloud-init[688]: ci-info: |   4   |   ff00::/8  |    ::   |   enp0s3  |   U   |
[   17.232068] cloud-init[688]: ci-info: +-------+-------------+---------+-----------+-------+
[[0;32m  OK  [0m] Started Initial cloud-init job (metadata service crawler).
[[0;32m  OK  [0m] Reached target Cloud-config availability.
[[0;32m  OK  [0m] Reached target Network is Online.
[[0;32m  OK  [0m] Reached target Remote File Systems (Pre).
         Starting Availability of block devices...
         Mounting /vagrant...
[[0;32m  OK  [0m] Reached target System Initialization.
[[0;32m  OK  [0m] Listening on Open-iSCSI iscsid Socket.
[[0;32m  OK  [0m] Started Message of the Day.
[[0;32m  OK  [0m] Listening on UUID daemon activation socket.
[[0;32m  OK  [0m] Started Daily Cleanup of Temporary Directories.
[[0;32m  OK  [0m] Started Discard unused blocks once a week.
[[0;32m  OK  [0m] Listening on D-Bus System Message Bus Socket.
[[0;32m  OK  [0m] Started ACPI Events Check.
[[0;32m  OK  [0m] Reached target Paths.
[[0;32m  OK  [0m] Started Daily apt download activities.
[[0;32m  OK  [0m] Started Daily apt upgrade and clean activities.
         Starting LXD - unix socket.
[[0;32m  OK  [0m] Started Ubuntu Advantage Timer for running repeated jobs.
[[0;32m  OK  [0m] Listening on ACPID Listen Socket.
[[0;32m  OK  [0m] Reached target Timers.
[[0;32m  OK  [0m] Listening on cloud-init hotplug hook socket.
         Starting Socket activation for snappy daemon.
[[0;32m  OK  [0m] Started Availability of block devices.
[[0;32m  OK  [0m] Mounted /vagrant.
[[0;32m  OK  [0m] Listening on LXD - unix socket.
[[0;32m  OK  [0m] Listening on Socket activation for snappy daemon.
[[0;32m  OK  [0m] Reached target Sockets.
[[0;32m  OK  [0m] Reached target Basic System.
[[0;32m  OK  [0m] Started irqbalance daemon.
         Starting Virtualbox guest utils...
         Starting Login Service...
[[0;32m  OK  [0m] Started D-Bus System Message Bus.
         Starting Accounts Service...
         Starting Message of the Day...
         Starting OpenBSD Secure Shell server...
         Starting Dispatcher daemon for systemd-networkd...
[[0;32m  OK  [0m] Started Regular background program processing daemon.
         Starting System Logging Service...
[[0;32m  OK  [0m] Started FUSE filesystem for LXC.
[[0;32m  OK  [0m] Reached target Login Prompts (Pre).
         Starting LSB: Record successful boot for GRUB...
[[0;32m  OK  [0m] Started Deferred execution scheduler.
         Starting LXD - container startup/shutdown...
         Starting Snap Daemon...
[[0;32m  OK  [0m] Reached target Remote File Systems.
         Starting Permit User Sessions...
         Starting LSB: automatic crash report generation...
[[0;32m  OK  [0m] Started System Logging Service.
[[0;32m  OK  [0m] Started Login Service.
[[0;32m  OK  [0m] Started Permit User Sessions.
[[0;32m  OK  [0m] Started OpenBSD Secure Shell server.
         Starting Authorization Manager...
         Starting Hold until boot process finishes up...
         Starting Terminate Plymouth Boot Screen...
[[0;32m  OK  [0m] Started Unattended Upgrades Shutdown.
[[0;32m  OK  [0m] Started Hold until boot process finishes up.
[[0;32m  OK  [0m] Started Terminate Plymouth Boot Screen.
[[0;32m  OK  [0m] Started Serial Getty on ttyS0.
         Starting Set console scheme...
[[0;32m  OK  [0m] Started Set console scheme.
[[0;32m  OK  [0m] Created slice system-getty.slice.
[[0;32m  OK  [0m] Started Getty on tty1.
[[0;32m  OK  [0m] Reached target Login Prompts.
[[0;32m  OK  [0m] Started LSB: Record successful boot for GRUB.
[[0;32m  OK  [0m] Started Authorization Manager.
[[0;32m  OK  [0m] Started Accounts Service.
[[0;32m  OK  [0m] Started LSB: automatic crash report generation.
[[0;32m  OK  [0m] Started Virtualbox guest utils.
[[0;32m  OK  [0m] Started LXD - container startup/shutdown.
[[0;32m  OK  [0m] Started Dispatcher daemon for systemd-networkd.
[[0;32m  OK  [0m] Created slice User Slice of vagrant.
         Starting User Manager for UID 1000...
[[0;32m  OK  [0m] Started Session 1 of user vagrant.
[[0;32m  OK  [0m] Started User Manager for UID 1000.
[[0;32m  OK  [0m] Started Snap Daemon.
         Starting Wait until snapd is fully seeded...
         Starting Time & Date Service...
[[0;32m  OK  [0m] Started Time & Date Service.
[[0;32m  OK  [0m] Started Wait until snapd is fully seeded.
         Starting Apply the settings specified in cloud-config...
[[0;32m  OK  [0m] Started Message of the Day.
[   22.662417] cloud-init[1175]: Cloud-init v. 23.1.2-0ubuntu0~18.04.1 running 'modules:config' at Sun, 31 Mar 2024 21:46:18 +0000. Up 22.40 seconds.
[[0;32m  OK  [0m] Started Apply the settings specified in cloud-config.
[[0;32m  OK  [0m] Reached target Multi-User System.
[[0;32m  OK  [0m] Reached target Graphical Interface.
         Starting Execute cloud user/final scripts...
         Starting Update UTMP about System Runlevel Changes...
[[0;32m  OK  [0m] Started Update UTMP about System Runlevel Changes.

Ubuntu 18.04.6 LTS ubuntu-bionic ttyS0

ubuntu-bionic login: [   25.221764] cloud-init[1315]: Cloud-init v. 23.1.2-0ubuntu0~18.04.1 running 'modules:final' at Sun, 31 Mar 2024 21:46:20 +0000. Up 24.45 seconds.
[   25.222898] cloud-init[1315]: Cloud-init v. 23.1.2-0ubuntu0~18.04.1 finished at Sun, 31 Mar 2024 21:46:21 +0000. Datasource DataSourceNoCloud [seed=/dev/sdb][dsmode=net].  Up 25.20 seconds
[[0;32m  OK  [0m] Created slice User Slice of vagrant.
         Starting User Manager for UID 1000...
[[0;32m  OK  [0m] Started Session 3 of user vagrant.
[[0;32m  OK  [0m] Started User Manager for UID 1000.
[[0;32m  OK  [0m] Started Daily apt upgrade and clean activities.
